The target system is: Android - 1 - i686
The host system is: Linux - 5.15.0-69-generic - x86_64
Determining if the C compiler works passed with the following output:
Change Dir: /home/tuo/Workspace/android_ncnn/step1/ncnn-android-yolox/app/.cxx/cmake/release/x86/CMakeFiles/CMakeTmp

Run Build Command:"/home/tuo/Android/Sdk/cmake/3.10.2.4988404/bin/ninja" "cmTC_150cf"
[1/2] Building C object CMakeFiles/cmTC_150cf.dir/testCCompiler.c.o
[2/2] Linking C executable cmTC_150cf


Detecting C compiler ABI info compiled with the following output:
Change Dir: /home/tuo/Workspace/android_ncnn/step1/ncnn-android-yolox/app/.cxx/cmake/release/x86/CMakeFiles/CMakeTmp

Run Build Command:"/home/tuo/Android/Sdk/cmake/3.10.2.4988404/bin/ninja" "cmTC_466dc"
[1/2] Building C object CMakeFiles/cmTC_466dc.dir/CMakeCCompilerABI.c.o
[2/2] Linking C executable cmTC_466dc
Android (9352603, based on r450784d1) clang version 14.0.7 (https://android.googlesource.com/toolchain/llvm-project 4c603efb0cca074e9238af8b4106c30add4418f6)
Target: i686-none-linux-android24
Thread model: posix
InstalledDir: /home/tuo/Android/Sdk/ndk/25.2.9519653/toolchains/llvm/prebuilt/linux-x86_64/bin
 "/home/tuo/Android/Sdk/ndk/25.2.9519653/toolchains/llvm/prebuilt/linux-x86_64/bin/ld" --sysroot=/home/tuo/Android/Sdk/ndk/25.2.9519653/toolchains/llvm/prebuilt/linux-x86_64/sysroot -pie --warn-shared-textrel -z now -z relro --hash-style=gnu --enable-new-dtags --eh-frame-hdr -m elf_i386 -dynamic-linker /system/bin/linker -o cmTC_466dc /home/tuo/Android/Sdk/ndk/25.2.9519653/toolchains/llvm/prebuilt/linux-x86_64/sysroot/usr/lib/i686-linux-android/24/crtbegin_dynamic.o -L/home/tuo/Android/Sdk/ndk/25.2.9519653/toolchains/llvm/prebuilt/linux-x86_64/lib64/clang/14.0.7/lib/linux/i386 -L/home/tuo/Android/Sdk/ndk/25.2.9519653/toolchains/llvm/prebuilt/linux-x86_64/sysroot/usr/lib/i686-linux-android/24 -L/home/tuo/Android/Sdk/ndk/25.2.9519653/toolchains/llvm/prebuilt/linux-x86_64/sysroot/usr/lib/i686-linux-android -L/home/tuo/Android/Sdk/ndk/25.2.9519653/toolchains/llvm/prebuilt/linux-x86_64/sysroot/usr/lib --build-id=sha1 --no-rosegment --fatal-warnings --no-undefined CMakeFiles/cmTC_466dc.dir/CMakeCCompilerABI.c.o /home/tuo/Android/Sdk/ndk/25.2.9519653/toolchains/llvm/prebuilt/linux-x86_64/lib64/clang/14.0.7/lib/linux/libclang_rt.builtins-i686-android.a -l:libunwind.a -ldl -lc /home/tuo/Android/Sdk/ndk/25.2.9519653/toolchains/llvm/prebuilt/linux-x86_64/lib64/clang/14.0.7/lib/linux/libclang_rt.builtins-i686-android.a -l:libunwind.a -ldl /home/tuo/Android/Sdk/ndk/25.2.9519653/toolchains/llvm/prebuilt/linux-x86_64/sysroot/usr/lib/i686-linux-android/24/crtend_android.o


Parsed C implicit link information from above output:
  link line regex: [^( *|.*[/\])(CMAKE_LINKER-NOTFOUND|CMAKE_LINK_STARTFILE-NOTFOUND|([^/\]+-)?ld|collect2)[^/\]*( |$)]
  ignore line: [Change Dir: /home/tuo/Workspace/android_ncnn/step1/ncnn-android-yolox/app/.cxx/cmake/release/x86/CMakeFiles/CMakeTmp]
  ignore line: []
  ignore line: [Run Build Command:"/home/tuo/Android/Sdk/cmake/3.10.2.4988404/bin/ninja" "cmTC_466dc"]
  ignore line: [[1/2] Building C object CMakeFiles/cmTC_466dc.dir/CMakeCCompilerABI.c.o]
  ignore line: [[2/2] Linking C executable cmTC_466dc]
  ignore line: [Android (9352603, based on r450784d1) clang version 14.0.7 (https://android.googlesource.com/toolchain/llvm-project 4c603efb0cca074e9238af8b4106c30add4418f6)]
  ignore line: [Target: i686-none-linux-android24]
  ignore line: [Thread model: posix]
  ignore line: [InstalledDir: /home/tuo/Android/Sdk/ndk/25.2.9519653/toolchains/llvm/prebuilt/linux-x86_64/bin]
  link line: [ "/home/tuo/Android/Sdk/ndk/25.2.9519653/toolchains/llvm/prebuilt/linux-x86_64/bin/ld" --sysroot=/home/tuo/Android/Sdk/ndk/25.2.9519653/toolchains/llvm/prebuilt/linux-x86_64/sysroot -pie --warn-shared-textrel -z now -z relro --hash-style=gnu --enable-new-dtags --eh-frame-hdr -m elf_i386 -dynamic-linker /system/bin/linker -o cmTC_466dc /home/tuo/Android/Sdk/ndk/25.2.9519653/toolchains/llvm/prebuilt/linux-x86_64/sysroot/usr/lib/i686-linux-android/24/crtbegin_dynamic.o -L/home/tuo/Android/Sdk/ndk/25.2.9519653/toolchains/llvm/prebuilt/linux-x86_64/lib64/clang/14.0.7/lib/linux/i386 -L/home/tuo/Android/Sdk/ndk/25.2.9519653/toolchains/llvm/prebuilt/linux-x86_64/sysroot/usr/lib/i686-linux-android/24 -L/home/tuo/Android/Sdk/ndk/25.2.9519653/toolchains/llvm/prebuilt/linux-x86_64/sysroot/usr/lib/i686-linux-android -L/home/tuo/Android/Sdk/ndk/25.2.9519653/toolchains/llvm/prebuilt/linux-x86_64/sysroot/usr/lib --build-id=sha1 --no-rosegment --fatal-warnings --no-undefined CMakeFiles/cmTC_466dc.dir/CMakeCCompilerABI.c.o /home/tuo/Android/Sdk/ndk/25.2.9519653/toolchains/llvm/prebuilt/linux-x86_64/lib64/clang/14.0.7/lib/linux/libclang_rt.builtins-i686-android.a -l:libunwind.a -ldl -lc /home/tuo/Android/Sdk/ndk/25.2.9519653/toolchains/llvm/prebuilt/linux-x86_64/lib64/clang/14.0.7/lib/linux/libclang_rt.builtins-i686-android.a -l:libunwind.a -ldl /home/tuo/Android/Sdk/ndk/25.2.9519653/toolchains/llvm/prebuilt/linux-x86_64/sysroot/usr/lib/i686-linux-android/24/crtend_android.o]
    arg [/home/tuo/Android/Sdk/ndk/25.2.9519653/toolchains/llvm/prebuilt/linux-x86_64/bin/ld] ==> ignore
    arg [--sysroot=/home/tuo/Android/Sdk/ndk/25.2.9519653/toolchains/llvm/prebuilt/linux-x86_64/sysroot] ==> ignore
    arg [-pie] ==> ignore
    arg [--warn-shared-textrel] ==> ignore
    arg [-znow] ==> ignore
    arg [-zrelro] ==> ignore
    arg [--hash-style=gnu] ==> ignore
    arg [--enable-new-dtags] ==> ignore
    arg [--eh-frame-hdr] ==> ignore
    arg [-m] ==> ignore
    arg [elf_i386] ==> ignore
    arg [-dynamic-linker] ==> ignore
    arg [/system/bin/linker] ==> ignore
    arg [-o] ==> ignore
    arg [cmTC_466dc] ==> ignore
    arg [/home/tuo/Android/Sdk/ndk/25.2.9519653/toolchains/llvm/prebuilt/linux-x86_64/sysroot/usr/lib/i686-linux-android/24/crtbegin_dynamic.o] ==> ignore
    arg [-L/home/tuo/Android/Sdk/ndk/25.2.9519653/toolchains/llvm/prebuilt/linux-x86_64/lib64/clang/14.0.7/lib/linux/i386] ==> dir [/home/tuo/Android/Sdk/ndk/25.2.9519653/toolchains/llvm/prebuilt/linux-x86_64/lib64/clang/14.0.7/lib/linux/i386]
    arg [-L/home/tuo/Android/Sdk/ndk/25.2.9519653/toolchains/llvm/prebuilt/linux-x86_64/sysroot/usr/lib/i686-linux-android/24] ==> dir [/home/tuo/Android/Sdk/ndk/25.2.9519653/toolchains/llvm/prebuilt/linux-x86_64/sysroot/usr/lib/i686-linux-android/24]
    arg [-L/home/tuo/Android/Sdk/ndk/25.2.9519653/toolchains/llvm/prebuilt/linux-x86_64/sysroot/usr/lib/i686-linux-android] ==> dir [/home/tuo/Android/Sdk/ndk/25.2.9519653/toolchains/llvm/prebuilt/linux-x86_64/sysroot/usr/lib/i686-linux-android]
    arg [-L/home/tuo/Android/Sdk/ndk/25.2.9519653/toolchains/llvm/prebuilt/linux-x86_64/sysroot/usr/lib] ==> dir [/home/tuo/Android/Sdk/ndk/25.2.9519653/toolchains/llvm/prebuilt/linux-x86_64/sysroot/usr/lib]
    arg [--build-id=sha1] ==> ignore
    arg [--no-rosegment] ==> ignore
    arg [--fatal-warnings] ==> ignore
    arg [--no-undefined] ==> ignore
    arg [CMakeFiles/cmTC_466dc.dir/CMakeCCompilerABI.c.o] ==> ignore
    arg [/home/tuo/Android/Sdk/ndk/25.2.9519653/toolchains/llvm/prebuilt/linux-x86_64/lib64/clang/14.0.7/lib/linux/libclang_rt.builtins-i686-android.a] ==> lib [/home/tuo/Android/Sdk/ndk/25.2.9519653/toolchains/llvm/prebuilt/linux-x86_64/lib64/clang/14.0.7/lib/linux/libclang_rt.builtins-i686-android.a]
    arg [-l:libunwind.a] ==> lib [-l:libunwind.a]
    arg [-ldl] ==> lib [dl]
    arg [-lc] ==> lib [c]
    arg [/home/tuo/Android/Sdk/ndk/25.2.9519653/toolchains/llvm/prebuilt/linux-x86_64/lib64/clang/14.0.7/lib/linux/libclang_rt.builtins-i686-android.a] ==> lib [/home/tuo/Android/Sdk/ndk/25.2.9519653/toolchains/llvm/prebuilt/linux-x86_64/lib64/clang/14.0.7/lib/linux/libclang_rt.builtins-i686-android.a]
    arg [-l:libunwind.a] ==> lib [-l:libunwind.a]
    arg [-ldl] ==> lib [dl]
    arg [/home/tuo/Android/Sdk/ndk/25.2.9519653/toolchains/llvm/prebuilt/linux-x86_64/sysroot/usr/lib/i686-linux-android/24/crtend_android.o] ==> ignore
  remove lib [/home/tuo/Android/Sdk/ndk/25.2.9519653/toolchains/llvm/prebuilt/linux-x86_64/lib64/clang/14.0.7/lib/linux/libclang_rt.builtins-i686-android.a]
  remove lib [/home/tuo/Android/Sdk/ndk/25.2.9519653/toolchains/llvm/prebuilt/linux-x86_64/lib64/clang/14.0.7/lib/linux/libclang_rt.builtins-i686-android.a]
  collapse library dir [/home/tuo/Android/Sdk/ndk/25.2.9519653/toolchains/llvm/prebuilt/linux-x86_64/lib64/clang/14.0.7/lib/linux/i386] ==> [/home/tuo/Android/Sdk/ndk/25.2.9519653/toolchains/llvm/prebuilt/linux-x86_64/lib64/clang/14.0.7/lib/linux/i386]
  collapse library dir [/home/tuo/Android/Sdk/ndk/25.2.9519653/toolchains/llvm/prebuilt/linux-x86_64/sysroot/usr/lib/i686-linux-android/24] ==> [/home/tuo/Android/Sdk/ndk/25.2.9519653/toolchains/llvm/prebuilt/linux-x86_64/sysroot/usr/lib/i686-linux-android/24]
  collapse library dir [/home/tuo/Android/Sdk/ndk/25.2.9519653/toolchains/llvm/prebuilt/linux-x86_64/sysroot/usr/lib/i686-linux-android] ==> [/home/tuo/Android/Sdk/ndk/25.2.9519653/toolchains/llvm/prebuilt/linux-x86_64/sysroot/usr/lib/i686-linux-android]
  collapse library dir [/home/tuo/Android/Sdk/ndk/25.2.9519653/toolchains/llvm/prebuilt/linux-x86_64/sysroot/usr/lib] ==> [/home/tuo/Android/Sdk/ndk/25.2.9519653/toolchains/llvm/prebuilt/linux-x86_64/sysroot/usr/lib]
  implicit libs: [-l:libunwind.a;dl;c;-l:libunwind.a;dl]
  implicit dirs: [/home/tuo/Android/Sdk/ndk/25.2.9519653/toolchains/llvm/prebuilt/linux-x86_64/lib64/clang/14.0.7/lib/linux/i386;/home/tuo/Android/Sdk/ndk/25.2.9519653/toolchains/llvm/prebuilt/linux-x86_64/sysroot/usr/lib/i686-linux-android/24;/home/tuo/Android/Sdk/ndk/25.2.9519653/toolchains/llvm/prebuilt/linux-x86_64/sysroot/usr/lib/i686-linux-android;/home/tuo/Android/Sdk/ndk/25.2.9519653/toolchains/llvm/prebuilt/linux-x86_64/sysroot/usr/lib]
  implicit fwks: []




Detecting C [-std=c11] compiler features compiled with the following output:
Change Dir: /home/tuo/Workspace/android_ncnn/step1/ncnn-android-yolox/app/.cxx/cmake/release/x86/CMakeFiles/CMakeTmp

Run Build Command:"/home/tuo/Android/Sdk/cmake/3.10.2.4988404/bin/ninja" "cmTC_fd559"
[1/2] Building C object CMakeFiles/cmTC_fd559.dir/feature_tests.c.o
[2/2] Linking C executable cmTC_fd559


    Feature record: C_FEATURE:1c_function_prototypes
    Feature record: C_FEATURE:1c_restrict
    Feature record: C_FEATURE:1c_static_assert
    Feature record: C_FEATURE:1c_variadic_macros


Detecting C [-std=c99] compiler features compiled with the following output:
Change Dir: /home/tuo/Workspace/android_ncnn/step1/ncnn-android-yolox/app/.cxx/cmake/release/x86/CMakeFiles/CMakeTmp

Run Build Command:"/home/tuo/Android/Sdk/cmake/3.10.2.4988404/bin/ninja" "cmTC_90269"
[1/2] Building C object CMakeFiles/cmTC_90269.dir/feature_tests.c.o
[2/2] Linking C executable cmTC_90269


    Feature record: C_FEATURE:1c_function_prototypes
    Feature record: C_FEATURE:1c_restrict
    Feature record: C_FEATURE:0c_static_assert
    Feature record: C_FEATURE:1c_variadic_macros


Detecting C [-std=c90] compiler features compiled with the following output:
Change Dir: /home/tuo/Workspace/android_ncnn/step1/ncnn-android-yolox/app/.cxx/cmake/release/x86/CMakeFiles/CMakeTmp

Run Build Command:"/home/tuo/Android/Sdk/cmake/3.10.2.4988404/bin/ninja" "cmTC_90854"
[1/2] Building C object CMakeFiles/cmTC_90854.dir/feature_tests.c.o
[2/2] Linking C executable cmTC_90854


    Feature record: C_FEATURE:1c_function_prototypes
    Feature record: C_FEATURE:0c_restrict
    Feature record: C_FEATURE:0c_static_assert
    Feature record: C_FEATURE:0c_variadic_macros
Determining if the CXX compiler works passed with the following output:
Change Dir: /home/tuo/Workspace/android_ncnn/step1/ncnn-android-yolox/app/.cxx/cmake/release/x86/CMakeFiles/CMakeTmp

Run Build Command:"/home/tuo/Android/Sdk/cmake/3.10.2.4988404/bin/ninja" "cmTC_54000"
[1/2] Building CXX object CMakeFiles/cmTC_54000.dir/testCXXCompiler.cxx.o
[2/2] Linking CXX executable cmTC_54000


Detecting CXX compiler ABI info compiled with the following output:
Change Dir: /home/tuo/Workspace/android_ncnn/step1/ncnn-android-yolox/app/.cxx/cmake/release/x86/CMakeFiles/CMakeTmp

Run Build Command:"/home/tuo/Android/Sdk/cmake/3.10.2.4988404/bin/ninja" "cmTC_560ff"
[1/2] Building CXX object CMakeFiles/cmTC_560ff.dir/CMakeCXXCompilerABI.cpp.o
[2/2] Linking CXX executable cmTC_560ff
Android (9352603, based on r450784d1) clang version 14.0.7 (https://android.googlesource.com/toolchain/llvm-project 4c603efb0cca074e9238af8b4106c30add4418f6)
Target: i686-none-linux-android24
Thread model: posix
InstalledDir: /home/tuo/Android/Sdk/ndk/25.2.9519653/toolchains/llvm/prebuilt/linux-x86_64/bin
 "/home/tuo/Android/Sdk/ndk/25.2.9519653/toolchains/llvm/prebuilt/linux-x86_64/bin/ld" --sysroot=/home/tuo/Android/Sdk/ndk/25.2.9519653/toolchains/llvm/prebuilt/linux-x86_64/sysroot -pie --warn-shared-textrel -z now -z relro --hash-style=gnu --enable-new-dtags --eh-frame-hdr -m elf_i386 -dynamic-linker /system/bin/linker -o cmTC_560ff /home/tuo/Android/Sdk/ndk/25.2.9519653/toolchains/llvm/prebuilt/linux-x86_64/sysroot/usr/lib/i686-linux-android/24/crtbegin_dynamic.o -L/home/tuo/Android/Sdk/ndk/25.2.9519653/toolchains/llvm/prebuilt/linux-x86_64/lib64/clang/14.0.7/lib/linux/i386 -L/home/tuo/Android/Sdk/ndk/25.2.9519653/toolchains/llvm/prebuilt/linux-x86_64/sysroot/usr/lib/i686-linux-android/24 -L/home/tuo/Android/Sdk/ndk/25.2.9519653/toolchains/llvm/prebuilt/linux-x86_64/sysroot/usr/lib/i686-linux-android -L/home/tuo/Android/Sdk/ndk/25.2.9519653/toolchains/llvm/prebuilt/linux-x86_64/sysroot/usr/lib --build-id=sha1 --no-rosegment --fatal-warnings --no-undefined CMakeFiles/cmTC_560ff.dir/CMakeCXXCompilerABI.cpp.o -Bstatic -lc++ -Bdynamic -lm /home/tuo/Android/Sdk/ndk/25.2.9519653/toolchains/llvm/prebuilt/linux-x86_64/lib64/clang/14.0.7/lib/linux/libclang_rt.builtins-i686-android.a -l:libunwind.a -ldl -lc /home/tuo/Android/Sdk/ndk/25.2.9519653/toolchains/llvm/prebuilt/linux-x86_64/lib64/clang/14.0.7/lib/linux/libclang_rt.builtins-i686-android.a -l:libunwind.a -ldl /home/tuo/Android/Sdk/ndk/25.2.9519653/toolchains/llvm/prebuilt/linux-x86_64/sysroot/usr/lib/i686-linux-android/24/crtend_android.o


Parsed CXX implicit link information from above output:
  link line regex: [^( *|.*[/\])(CMAKE_LINKER-NOTFOUND|CMAKE_LINK_STARTFILE-NOTFOUND|([^/\]+-)?ld|collect2)[^/\]*( |$)]
  ignore line: [Change Dir: /home/tuo/Workspace/android_ncnn/step1/ncnn-android-yolox/app/.cxx/cmake/release/x86/CMakeFiles/CMakeTmp]
  ignore line: []
  ignore line: [Run Build Command:"/home/tuo/Android/Sdk/cmake/3.10.2.4988404/bin/ninja" "cmTC_560ff"]
  ignore line: [[1/2] Building CXX object CMakeFiles/cmTC_560ff.dir/CMakeCXXCompilerABI.cpp.o]
  ignore line: [[2/2] Linking CXX executable cmTC_560ff]
  ignore line: [Android (9352603, based on r450784d1) clang version 14.0.7 (https://android.googlesource.com/toolchain/llvm-project 4c603efb0cca074e9238af8b4106c30add4418f6)]
  ignore line: [Target: i686-none-linux-android24]
  ignore line: [Thread model: posix]
  ignore line: [InstalledDir: /home/tuo/Android/Sdk/ndk/25.2.9519653/toolchains/llvm/prebuilt/linux-x86_64/bin]
  link line: [ "/home/tuo/Android/Sdk/ndk/25.2.9519653/toolchains/llvm/prebuilt/linux-x86_64/bin/ld" --sysroot=/home/tuo/Android/Sdk/ndk/25.2.9519653/toolchains/llvm/prebuilt/linux-x86_64/sysroot -pie --warn-shared-textrel -z now -z relro --hash-style=gnu --enable-new-dtags --eh-frame-hdr -m elf_i386 -dynamic-linker /system/bin/linker -o cmTC_560ff /home/tuo/Android/Sdk/ndk/25.2.9519653/toolchains/llvm/prebuilt/linux-x86_64/sysroot/usr/lib/i686-linux-android/24/crtbegin_dynamic.o -L/home/tuo/Android/Sdk/ndk/25.2.9519653/toolchains/llvm/prebuilt/linux-x86_64/lib64/clang/14.0.7/lib/linux/i386 -L/home/tuo/Android/Sdk/ndk/25.2.9519653/toolchains/llvm/prebuilt/linux-x86_64/sysroot/usr/lib/i686-linux-android/24 -L/home/tuo/Android/Sdk/ndk/25.2.9519653/toolchains/llvm/prebuilt/linux-x86_64/sysroot/usr/lib/i686-linux-android -L/home/tuo/Android/Sdk/ndk/25.2.9519653/toolchains/llvm/prebuilt/linux-x86_64/sysroot/usr/lib --build-id=sha1 --no-rosegment --fatal-warnings --no-undefined CMakeFiles/cmTC_560ff.dir/CMakeCXXCompilerABI.cpp.o -Bstatic -lc++ -Bdynamic -lm /home/tuo/Android/Sdk/ndk/25.2.9519653/toolchains/llvm/prebuilt/linux-x86_64/lib64/clang/14.0.7/lib/linux/libclang_rt.builtins-i686-android.a -l:libunwind.a -ldl -lc /home/tuo/Android/Sdk/ndk/25.2.9519653/toolchains/llvm/prebuilt/linux-x86_64/lib64/clang/14.0.7/lib/linux/libclang_rt.builtins-i686-android.a -l:libunwind.a -ldl /home/tuo/Android/Sdk/ndk/25.2.9519653/toolchains/llvm/prebuilt/linux-x86_64/sysroot/usr/lib/i686-linux-android/24/crtend_android.o]
    arg [/home/tuo/Android/Sdk/ndk/25.2.9519653/toolchains/llvm/prebuilt/linux-x86_64/bin/ld] ==> ignore
    arg [--sysroot=/home/tuo/Android/Sdk/ndk/25.2.9519653/toolchains/llvm/prebuilt/linux-x86_64/sysroot] ==> ignore
    arg [-pie] ==> ignore
    arg [--warn-shared-textrel] ==> ignore
    arg [-znow] ==> ignore
    arg [-zrelro] ==> ignore
    arg [--hash-style=gnu] ==> ignore
    arg [--enable-new-dtags] ==> ignore
    arg [--eh-frame-hdr] ==> ignore
    arg [-m] ==> ignore
    arg [elf_i386] ==> ignore
    arg [-dynamic-linker] ==> ignore
    arg [/system/bin/linker] ==> ignore
    arg [-o] ==> ignore
    arg [cmTC_560ff] ==> ignore
    arg [/home/tuo/Android/Sdk/ndk/25.2.9519653/toolchains/llvm/prebuilt/linux-x86_64/sysroot/usr/lib/i686-linux-android/24/crtbegin_dynamic.o] ==> ignore
    arg [-L/home/tuo/Android/Sdk/ndk/25.2.9519653/toolchains/llvm/prebuilt/linux-x86_64/lib64/clang/14.0.7/lib/linux/i386] ==> dir [/home/tuo/Android/Sdk/ndk/25.2.9519653/toolchains/llvm/prebuilt/linux-x86_64/lib64/clang/14.0.7/lib/linux/i386]
    arg [-L/home/tuo/Android/Sdk/ndk/25.2.9519653/toolchains/llvm/prebuilt/linux-x86_64/sysroot/usr/lib/i686-linux-android/24] ==> dir [/home/tuo/Android/Sdk/ndk/25.2.9519653/toolchains/llvm/prebuilt/linux-x86_64/sysroot/usr/lib/i686-linux-android/24]
    arg [-L/home/tuo/Android/Sdk/ndk/25.2.9519653/toolchains/llvm/prebuilt/linux-x86_64/sysroot/usr/lib/i686-linux-android] ==> dir [/home/tuo/Android/Sdk/ndk/25.2.9519653/toolchains/llvm/prebuilt/linux-x86_64/sysroot/usr/lib/i686-linux-android]
    arg [-L/home/tuo/Android/Sdk/ndk/25.2.9519653/toolchains/llvm/prebuilt/linux-x86_64/sysroot/usr/lib] ==> dir [/home/tuo/Android/Sdk/ndk/25.2.9519653/toolchains/llvm/prebuilt/linux-x86_64/sysroot/usr/lib]
    arg [--build-id=sha1] ==> ignore
    arg [--no-rosegment] ==> ignore
    arg [--fatal-warnings] ==> ignore
    arg [--no-undefined] ==> ignore
    arg [CMakeFiles/cmTC_560ff.dir/CMakeCXXCompilerABI.cpp.o] ==> ignore
    arg [-Bstatic] ==> ignore
    arg [-lc++] ==> lib [c++]
    arg [-Bdynamic] ==> ignore
    arg [-lm] ==> lib [m]
    arg [/home/tuo/Android/Sdk/ndk/25.2.9519653/toolchains/llvm/prebuilt/linux-x86_64/lib64/clang/14.0.7/lib/linux/libclang_rt.builtins-i686-android.a] ==> lib [/home/tuo/Android/Sdk/ndk/25.2.9519653/toolchains/llvm/prebuilt/linux-x86_64/lib64/clang/14.0.7/lib/linux/libclang_rt.builtins-i686-android.a]
    arg [-l:libunwind.a] ==> lib [-l:libunwind.a]
    arg [-ldl] ==> lib [dl]
    arg [-lc] ==> lib [c]
    arg [/home/tuo/Android/Sdk/ndk/25.2.9519653/toolchains/llvm/prebuilt/linux-x86_64/lib64/clang/14.0.7/lib/linux/libclang_rt.builtins-i686-android.a] ==> lib [/home/tuo/Android/Sdk/ndk/25.2.9519653/toolchains/llvm/prebuilt/linux-x86_64/lib64/clang/14.0.7/lib/linux/libclang_rt.builtins-i686-android.a]
    arg [-l:libunwind.a] ==> lib [-l:libunwind.a]
    arg [-ldl] ==> lib [dl]
    arg [/home/tuo/Android/Sdk/ndk/25.2.9519653/toolchains/llvm/prebuilt/linux-x86_64/sysroot/usr/lib/i686-linux-android/24/crtend_android.o] ==> ignore
  remove lib [/home/tuo/Android/Sdk/ndk/25.2.9519653/toolchains/llvm/prebuilt/linux-x86_64/lib64/clang/14.0.7/lib/linux/libclang_rt.builtins-i686-android.a]
  remove lib [/home/tuo/Android/Sdk/ndk/25.2.9519653/toolchains/llvm/prebuilt/linux-x86_64/lib64/clang/14.0.7/lib/linux/libclang_rt.builtins-i686-android.a]
  collapse library dir [/home/tuo/Android/Sdk/ndk/25.2.9519653/toolchains/llvm/prebuilt/linux-x86_64/lib64/clang/14.0.7/lib/linux/i386] ==> [/home/tuo/Android/Sdk/ndk/25.2.9519653/toolchains/llvm/prebuilt/linux-x86_64/lib64/clang/14.0.7/lib/linux/i386]
  collapse library dir [/home/tuo/Android/Sdk/ndk/25.2.9519653/toolchains/llvm/prebuilt/linux-x86_64/sysroot/usr/lib/i686-linux-android/24] ==> [/home/tuo/Android/Sdk/ndk/25.2.9519653/toolchains/llvm/prebuilt/linux-x86_64/sysroot/usr/lib/i686-linux-android/24]
  collapse library dir [/home/tuo/Android/Sdk/ndk/25.2.9519653/toolchains/llvm/prebuilt/linux-x86_64/sysroot/usr/lib/i686-linux-android] ==> [/home/tuo/Android/Sdk/ndk/25.2.9519653/toolchains/llvm/prebuilt/linux-x86_64/sysroot/usr/lib/i686-linux-android]
  collapse library dir [/home/tuo/Android/Sdk/ndk/25.2.9519653/toolchains/llvm/prebuilt/linux-x86_64/sysroot/usr/lib] ==> [/home/tuo/Android/Sdk/ndk/25.2.9519653/toolchains/llvm/prebuilt/linux-x86_64/sysroot/usr/lib]
  implicit libs: [c++;m;-l:libunwind.a;dl;c;-l:libunwind.a;dl]
  implicit dirs: [/home/tuo/Android/Sdk/ndk/25.2.9519653/toolchains/llvm/prebuilt/linux-x86_64/lib64/clang/14.0.7/lib/linux/i386;/home/tuo/Android/Sdk/ndk/25.2.9519653/toolchains/llvm/prebuilt/linux-x86_64/sysroot/usr/lib/i686-linux-android/24;/home/tuo/Android/Sdk/ndk/25.2.9519653/toolchains/llvm/prebuilt/linux-x86_64/sysroot/usr/lib/i686-linux-android;/home/tuo/Android/Sdk/ndk/25.2.9519653/toolchains/llvm/prebuilt/linux-x86_64/sysroot/usr/lib]
  implicit fwks: []




Detecting CXX [-std=c++1z] compiler features compiled with the following output:
Change Dir: /home/tuo/Workspace/android_ncnn/step1/ncnn-android-yolox/app/.cxx/cmake/release/x86/CMakeFiles/CMakeTmp

Run Build Command:"/home/tuo/Android/Sdk/cmake/3.10.2.4988404/bin/ninja" "cmTC_79cc1"
[1/2] Building CXX object CMakeFiles/cmTC_79cc1.dir/feature_tests.cxx.o
[2/2] Linking CXX executable cmTC_79cc1


    Feature record: CXX_FEATURE:1cxx_aggregate_default_initializers
    Feature record: CXX_FEATURE:1cxx_alias_templates
    Feature record: CXX_FEATURE:1cxx_alignas
    Feature record: CXX_FEATURE:1cxx_alignof
    Feature record: CXX_FEATURE:1cxx_attributes
    Feature record: CXX_FEATURE:1cxx_attribute_deprecated
    Feature record: CXX_FEATURE:1cxx_auto_type
    Feature record: CXX_FEATURE:1cxx_binary_literals
    Feature record: CXX_FEATURE:1cxx_constexpr
    Feature record: CXX_FEATURE:1cxx_contextual_conversions
    Feature record: CXX_FEATURE:1cxx_decltype
    Feature record: CXX_FEATURE:1cxx_decltype_auto
    Feature record: CXX_FEATURE:1cxx_decltype_incomplete_return_types
    Feature record: CXX_FEATURE:1cxx_default_function_template_args
    Feature record: CXX_FEATURE:1cxx_defaulted_functions
    Feature record: CXX_FEATURE:1cxx_defaulted_move_initializers
    Feature record: CXX_FEATURE:1cxx_delegating_constructors
    Feature record: CXX_FEATURE:1cxx_deleted_functions
    Feature record: CXX_FEATURE:1cxx_digit_separators
    Feature record: CXX_FEATURE:1cxx_enum_forward_declarations
    Feature record: CXX_FEATURE:1cxx_explicit_conversions
    Feature record: CXX_FEATURE:1cxx_extended_friend_declarations
    Feature record: CXX_FEATURE:1cxx_extern_templates
    Feature record: CXX_FEATURE:1cxx_final
    Feature record: CXX_FEATURE:1cxx_func_identifier
    Feature record: CXX_FEATURE:1cxx_generalized_initializers
    Feature record: CXX_FEATURE:1cxx_generic_lambdas
    Feature record: CXX_FEATURE:1cxx_inheriting_constructors
    Feature record: CXX_FEATURE:1cxx_inline_namespaces
    Feature record: CXX_FEATURE:1cxx_lambdas
    Feature record: CXX_FEATURE:1cxx_lambda_init_captures
    Feature record: CXX_FEATURE:1cxx_local_type_template_args
    Feature record: CXX_FEATURE:1cxx_long_long_type
    Feature record: CXX_FEATURE:1cxx_noexcept
    Feature record: CXX_FEATURE:1cxx_nonstatic_member_init
    Feature record: CXX_FEATURE:1cxx_nullptr
    Feature record: CXX_FEATURE:1cxx_override
    Feature record: CXX_FEATURE:1cxx_range_for
    Feature record: CXX_FEATURE:1cxx_raw_string_literals
    Feature record: CXX_FEATURE:1cxx_reference_qualified_functions
    Feature record: CXX_FEATURE:1cxx_relaxed_constexpr
    Feature record: CXX_FEATURE:1cxx_return_type_deduction
    Feature record: CXX_FEATURE:1cxx_right_angle_brackets
    Feature record: CXX_FEATURE:1cxx_rvalue_references
    Feature record: CXX_FEATURE:1cxx_sizeof_member
    Feature record: CXX_FEATURE:1cxx_static_assert
    Feature record: CXX_FEATURE:1cxx_strong_enums
    Feature record: CXX_FEATURE:1cxx_template_template_parameters
    Feature record: CXX_FEATURE:1cxx_thread_local
    Feature record: CXX_FEATURE:1cxx_trailing_return_types
    Feature record: CXX_FEATURE:1cxx_unicode_literals
    Feature record: CXX_FEATURE:1cxx_uniform_initialization
    Feature record: CXX_FEATURE:1cxx_unrestricted_unions
    Feature record: CXX_FEATURE:1cxx_user_literals
    Feature record: CXX_FEATURE:1cxx_variable_templates
    Feature record: CXX_FEATURE:1cxx_variadic_macros
    Feature record: CXX_FEATURE:1cxx_variadic_templates


Detecting CXX [-std=c++14] compiler features compiled with the following output:
Change Dir: /home/tuo/Workspace/android_ncnn/step1/ncnn-android-yolox/app/.cxx/cmake/release/x86/CMakeFiles/CMakeTmp

Run Build Command:"/home/tuo/Android/Sdk/cmake/3.10.2.4988404/bin/ninja" "cmTC_c71ef"
[1/2] Building CXX object CMakeFiles/cmTC_c71ef.dir/feature_tests.cxx.o
[2/2] Linking CXX executable cmTC_c71ef


    Feature record: CXX_FEATURE:1cxx_aggregate_default_initializers
    Feature record: CXX_FEATURE:1cxx_alias_templates
    Feature record: CXX_FEATURE:1cxx_alignas
    Feature record: CXX_FEATURE:1cxx_alignof
    Feature record: CXX_FEATURE:1cxx_attributes
    Feature record: CXX_FEATURE:1cxx_attribute_deprecated
    Feature record: CXX_FEATURE:1cxx_auto_type
    Feature record: CXX_FEATURE:1cxx_binary_literals
    Feature record: CXX_FEATURE:1cxx_constexpr
    Feature record: CXX_FEATURE:1cxx_contextual_conversions
    Feature record: CXX_FEATURE:1cxx_decltype
    Feature record: CXX_FEATURE:1cxx_decltype_auto
    Feature record: CXX_FEATURE:1cxx_decltype_incomplete_return_types
    Feature record: CXX_FEATURE:1cxx_default_function_template_args
    Feature record: CXX_FEATURE:1cxx_defaulted_functions
    Feature record: CXX_FEATURE:1cxx_defaulted_move_initializers
    Feature record: CXX_FEATURE:1cxx_delegating_constructors
    Feature record: CXX_FEATURE:1cxx_deleted_functions
    Feature record: CXX_FEATURE:1cxx_digit_separators
    Feature record: CXX_FEATURE:1cxx_enum_forward_declarations
    Feature record: CXX_FEATURE:1cxx_explicit_conversions
    Feature record: CXX_FEATURE:1cxx_extended_friend_declarations
    Feature record: CXX_FEATURE:1cxx_extern_templates
    Feature record: CXX_FEATURE:1cxx_final
    Feature record: CXX_FEATURE:1cxx_func_identifier
    Feature record: CXX_FEATURE:1cxx_generalized_initializers
    Feature record: CXX_FEATURE:1cxx_generic_lambdas
    Feature record: CXX_FEATURE:1cxx_inheriting_constructors
    Feature record: CXX_FEATURE:1cxx_inline_namespaces
    Feature record: CXX_FEATURE:1cxx_lambdas
    Feature record: CXX_FEATURE:1cxx_lambda_init_captures
    Feature record: CXX_FEATURE:1cxx_local_type_template_args
    Feature record: CXX_FEATURE:1cxx_long_long_type
    Feature record: CXX_FEATURE:1cxx_noexcept
    Feature record: CXX_FEATURE:1cxx_nonstatic_member_init
    Feature record: CXX_FEATURE:1cxx_nullptr
    Feature record: CXX_FEATURE:1cxx_override
    Feature record: CXX_FEATURE:1cxx_range_for
    Feature record: CXX_FEATURE:1cxx_raw_string_literals
    Feature record: CXX_FEATURE:1cxx_reference_qualified_functions
    Feature record: CXX_FEATURE:1cxx_relaxed_constexpr
    Feature record: CXX_FEATURE:1cxx_return_type_deduction
    Feature record: CXX_FEATURE:1cxx_right_angle_brackets
    Feature record: CXX_FEATURE:1cxx_rvalue_references
    Feature record: CXX_FEATURE:1cxx_sizeof_member
    Feature record: CXX_FEATURE:1cxx_static_assert
    Feature record: CXX_FEATURE:1cxx_strong_enums
    Feature record: CXX_FEATURE:1cxx_template_template_parameters
    Feature record: CXX_FEATURE:1cxx_thread_local
    Feature record: CXX_FEATURE:1cxx_trailing_return_types
    Feature record: CXX_FEATURE:1cxx_unicode_literals
    Feature record: CXX_FEATURE:1cxx_uniform_initialization
    Feature record: CXX_FEATURE:1cxx_unrestricted_unions
    Feature record: CXX_FEATURE:1cxx_user_literals
    Feature record: CXX_FEATURE:1cxx_variable_templates
    Feature record: CXX_FEATURE:1cxx_variadic_macros
    Feature record: CXX_FEATURE:1cxx_variadic_templates


Detecting CXX [-std=c++11] compiler features compiled with the following output:
Change Dir: /home/tuo/Workspace/android_ncnn/step1/ncnn-android-yolox/app/.cxx/cmake/release/x86/CMakeFiles/CMakeTmp

Run Build Command:"/home/tuo/Android/Sdk/cmake/3.10.2.4988404/bin/ninja" "cmTC_37dff"
[1/2] Building CXX object CMakeFiles/cmTC_37dff.dir/feature_tests.cxx.o
[2/2] Linking CXX executable cmTC_37dff


    Feature record: CXX_FEATURE:0cxx_aggregate_default_initializers
    Feature record: CXX_FEATURE:1cxx_alias_templates
    Feature record: CXX_FEATURE:1cxx_alignas
    Feature record: CXX_FEATURE:1cxx_alignof
    Feature record: CXX_FEATURE:1cxx_attributes
    Feature record: CXX_FEATURE:0cxx_attribute_deprecated
    Feature record: CXX_FEATURE:1cxx_auto_type
    Feature record: CXX_FEATURE:0cxx_binary_literals
    Feature record: CXX_FEATURE:1cxx_constexpr
    Feature record: CXX_FEATURE:0cxx_contextual_conversions
    Feature record: CXX_FEATURE:1cxx_decltype
    Feature record: CXX_FEATURE:0cxx_decltype_auto
    Feature record: CXX_FEATURE:1cxx_decltype_incomplete_return_types
    Feature record: CXX_FEATURE:1cxx_default_function_template_args
    Feature record: CXX_FEATURE:1cxx_defaulted_functions
    Feature record: CXX_FEATURE:1cxx_defaulted_move_initializers
    Feature record: CXX_FEATURE:1cxx_delegating_constructors
    Feature record: CXX_FEATURE:1cxx_deleted_functions
    Feature record: CXX_FEATURE:0cxx_digit_separators
    Feature record: CXX_FEATURE:1cxx_enum_forward_declarations
    Feature record: CXX_FEATURE:1cxx_explicit_conversions
    Feature record: CXX_FEATURE:1cxx_extended_friend_declarations
    Feature record: CXX_FEATURE:1cxx_extern_templates
    Feature record: CXX_FEATURE:1cxx_final
    Feature record: CXX_FEATURE:1cxx_func_identifier
    Feature record: CXX_FEATURE:1cxx_generalized_initializers
    Feature record: CXX_FEATURE:0cxx_generic_lambdas
    Feature record: CXX_FEATURE:1cxx_inheriting_constructors
    Feature record: CXX_FEATURE:1cxx_inline_namespaces
    Feature record: CXX_FEATURE:1cxx_lambdas
    Feature record: CXX_FEATURE:0cxx_lambda_init_captures
    Feature record: CXX_FEATURE:1cxx_local_type_template_args
    Feature record: CXX_FEATURE:1cxx_long_long_type
    Feature record: CXX_FEATURE:1cxx_noexcept
    Feature record: CXX_FEATURE:1cxx_nonstatic_member_init
    Feature record: CXX_FEATURE:1cxx_nullptr
    Feature record: CXX_FEATURE:1cxx_override
    Feature record: CXX_FEATURE:1cxx_range_for
    Feature record: CXX_FEATURE:1cxx_raw_string_literals
    Feature record: CXX_FEATURE:1cxx_reference_qualified_functions
    Feature record: CXX_FEATURE:0cxx_relaxed_constexpr
    Feature record: CXX_FEATURE:0cxx_return_type_deduction
    Feature record: CXX_FEATURE:1cxx_right_angle_brackets
    Feature record: CXX_FEATURE:1cxx_rvalue_references
    Feature record: CXX_FEATURE:1cxx_sizeof_member
    Feature record: CXX_FEATURE:1cxx_static_assert
    Feature record: CXX_FEATURE:1cxx_strong_enums
    Feature record: CXX_FEATURE:1cxx_template_template_parameters
    Feature record: CXX_FEATURE:1cxx_thread_local
    Feature record: CXX_FEATURE:1cxx_trailing_return_types
    Feature record: CXX_FEATURE:1cxx_unicode_literals
    Feature record: CXX_FEATURE:1cxx_uniform_initialization
    Feature record: CXX_FEATURE:1cxx_unrestricted_unions
    Feature record: CXX_FEATURE:1cxx_user_literals
    Feature record: CXX_FEATURE:0cxx_variable_templates
    Feature record: CXX_FEATURE:1cxx_variadic_macros
    Feature record: CXX_FEATURE:1cxx_variadic_templates


Detecting CXX [-std=c++98] compiler features compiled with the following output:
Change Dir: /home/tuo/Workspace/android_ncnn/step1/ncnn-android-yolox/app/.cxx/cmake/release/x86/CMakeFiles/CMakeTmp

Run Build Command:"/home/tuo/Android/Sdk/cmake/3.10.2.4988404/bin/ninja" "cmTC_1cafd"
[1/2] Building CXX object CMakeFiles/cmTC_1cafd.dir/feature_tests.cxx.o
[2/2] Linking CXX executable cmTC_1cafd


    Feature record: CXX_FEATURE:0cxx_aggregate_default_initializers
    Feature record: CXX_FEATURE:0cxx_alias_templates
    Feature record: CXX_FEATURE:0cxx_alignas
    Feature record: CXX_FEATURE:0cxx_alignof
    Feature record: CXX_FEATURE:0cxx_attributes
    Feature record: CXX_FEATURE:0cxx_attribute_deprecated
    Feature record: CXX_FEATURE:0cxx_auto_type
    Feature record: CXX_FEATURE:0cxx_binary_literals
    Feature record: CXX_FEATURE:0cxx_constexpr
    Feature record: CXX_FEATURE:0cxx_contextual_conversions
    Feature record: CXX_FEATURE:0cxx_decltype
    Feature record: CXX_FEATURE:0cxx_decltype_auto
    Feature record: CXX_FEATURE:0cxx_decltype_incomplete_return_types
    Feature record: CXX_FEATURE:0cxx_default_function_template_args
    Feature record: CXX_FEATURE:0cxx_defaulted_functions
    Feature record: CXX_FEATURE:0cxx_defaulted_move_initializers
    Feature record: CXX_FEATURE:0cxx_delegating_constructors
    Feature record: CXX_FEATURE:0cxx_deleted_functions
    Feature record: CXX_FEATURE:0cxx_digit_separators
    Feature record: CXX_FEATURE:0cxx_enum_forward_declarations
    Feature record: CXX_FEATURE:0cxx_explicit_conversions
    Feature record: CXX_FEATURE:0cxx_extended_friend_declarations
    Feature record: CXX_FEATURE:0cxx_extern_templates
    Feature record: CXX_FEATURE:0cxx_final
    Feature record: CXX_FEATURE:0cxx_func_identifier
    Feature record: CXX_FEATURE:0cxx_generalized_initializers
    Feature record: CXX_FEATURE:0cxx_generic_lambdas
    Feature record: CXX_FEATURE:0cxx_inheriting_constructors
    Feature record: CXX_FEATURE:0cxx_inline_namespaces
    Feature record: CXX_FEATURE:0cxx_lambdas
    Feature record: CXX_FEATURE:0cxx_lambda_init_captures
    Feature record: CXX_FEATURE:0cxx_local_type_template_args
    Feature record: CXX_FEATURE:0cxx_long_long_type
    Feature record: CXX_FEATURE:0cxx_noexcept
    Feature record: CXX_FEATURE:0cxx_nonstatic_member_init
    Feature record: CXX_FEATURE:0cxx_nullptr
    Feature record: CXX_FEATURE:0cxx_override
    Feature record: CXX_FEATURE:0cxx_range_for
    Feature record: CXX_FEATURE:0cxx_raw_string_literals
    Feature record: CXX_FEATURE:0cxx_reference_qualified_functions
    Feature record: CXX_FEATURE:0cxx_relaxed_constexpr
    Feature record: CXX_FEATURE:0cxx_return_type_deduction
    Feature record: CXX_FEATURE:0cxx_right_angle_brackets
    Feature record: CXX_FEATURE:0cxx_rvalue_references
    Feature record: CXX_FEATURE:0cxx_sizeof_member
    Feature record: CXX_FEATURE:0cxx_static_assert
    Feature record: CXX_FEATURE:0cxx_strong_enums
    Feature record: CXX_FEATURE:1cxx_template_template_parameters
    Feature record: CXX_FEATURE:0cxx_thread_local
    Feature record: CXX_FEATURE:0cxx_trailing_return_types
    Feature record: CXX_FEATURE:0cxx_unicode_literals
    Feature record: CXX_FEATURE:0cxx_uniform_initialization
    Feature record: CXX_FEATURE:0cxx_unrestricted_unions
    Feature record: CXX_FEATURE:0cxx_user_literals
    Feature record: CXX_FEATURE:0cxx_variable_templates
    Feature record: CXX_FEATURE:0cxx_variadic_macros
    Feature record: CXX_FEATURE:0cxx_variadic_templates
Detecting C OpenMP compiler ABI info compiled with the following output:
Change Dir: /home/tuo/Workspace/android_ncnn/step1/ncnn-android-yolox/app/.cxx/cmake/release/x86/CMakeFiles/CMakeTmp

Run Build Command:"/home/tuo/Android/Sdk/cmake/3.10.2.4988404/bin/ninja" "cmTC_49a29"
[1/2] Building C object CMakeFiles/cmTC_49a29.dir/OpenMPTryFlag.c.o
Android (9352603, based on r450784d1) clang version 14.0.7 (https://android.googlesource.com/toolchain/llvm-project 4c603efb0cca074e9238af8b4106c30add4418f6)
Target: i686-none-linux-android24
Thread model: posix
InstalledDir: /home/tuo/Android/Sdk/ndk/25.2.9519653/toolchains/llvm/prebuilt/linux-x86_64/bin
 (in-process)
 "/home/tuo/Android/Sdk/ndk/25.2.9519653/toolchains/llvm/prebuilt/linux-x86_64/bin/clang" -cc1 -triple i686-none-linux-android24 -emit-obj -mrelax-all --mrelax-relocations -disable-free -clear-ast-before-backend -disable-llvm-verifier -discard-value-names -main-file-name OpenMPTryFlag.c -mrelocation-model pic -pic-level 2 -pic-is-pie -mframe-pointer=all -ffp-contract=on -fno-rounding-math -mconstructor-aliases -funwind-tables=2 -target-cpu i686 -target-feature +ssse3 -tune-cpu generic -mllvm -treat-scalable-fixed-error-as-warning -debug-info-kind=constructor -dwarf-version=4 -debugger-tuning=gdb -v -ffunction-sections -fdata-sections -fcoverage-compilation-dir=/home/tuo/Workspace/android_ncnn/step1/ncnn-android-yolox/app/.cxx/cmake/release/x86/CMakeFiles/CMakeTmp -resource-dir /home/tuo/Android/Sdk/ndk/25.2.9519653/toolchains/llvm/prebuilt/linux-x86_64/lib64/clang/14.0.7 -D ANDROID -D _FORTIFY_SOURCE=2 -isysroot /home/tuo/Android/Sdk/ndk/25.2.9519653/toolchains/llvm/prebuilt/linux-x86_64/sysroot -internal-isystem /home/tuo/Android/Sdk/ndk/25.2.9519653/toolchains/llvm/prebuilt/linux-x86_64/lib64/clang/14.0.7/include -internal-isystem /home/tuo/Android/Sdk/ndk/25.2.9519653/toolchains/llvm/prebuilt/linux-x86_64/sysroot/usr/local/include -internal-externc-isystem /home/tuo/Android/Sdk/ndk/25.2.9519653/toolchains/llvm/prebuilt/linux-x86_64/sysroot/usr/include/i686-linux-android -internal-externc-isystem /home/tuo/Android/Sdk/ndk/25.2.9519653/toolchains/llvm/prebuilt/linux-x86_64/sysroot/include -internal-externc-isystem /home/tuo/Android/Sdk/ndk/25.2.9519653/toolchains/llvm/prebuilt/linux-x86_64/sysroot/usr/include -Wformat -Werror=format-security -fdebug-compilation-dir=/home/tuo/Workspace/android_ncnn/step1/ncnn-android-yolox/app/.cxx/cmake/release/x86/CMakeFiles/CMakeTmp -ferror-limit 19 -fopenmp -fopenmp-target-new-runtime -stack-protector 2 -fgnuc-version=4.2.1 -D__GCC_HAVE_DWARF2_CFI_ASM=1 -o CMakeFiles/cmTC_49a29.dir/OpenMPTryFlag.c.o -x c /home/tuo/Workspace/android_ncnn/step1/ncnn-android-yolox/app/.cxx/cmake/release/x86/CMakeFiles/FindOpenMP/OpenMPTryFlag.c
clang -cc1 version 14.0.7 based upon LLVM 14.0.7git default target x86_64-unknown-linux-gnu
ignoring nonexistent directory "/home/tuo/Android/Sdk/ndk/25.2.9519653/toolchains/llvm/prebuilt/linux-x86_64/sysroot/include"
#include "..." search starts here:
#include <...> search starts here:
 /home/tuo/Android/Sdk/ndk/25.2.9519653/toolchains/llvm/prebuilt/linux-x86_64/lib64/clang/14.0.7/include
 /home/tuo/Android/Sdk/ndk/25.2.9519653/toolchains/llvm/prebuilt/linux-x86_64/sysroot/usr/local/include
 /home/tuo/Android/Sdk/ndk/25.2.9519653/toolchains/llvm/prebuilt/linux-x86_64/sysroot/usr/include/i686-linux-android
 /home/tuo/Android/Sdk/ndk/25.2.9519653/toolchains/llvm/prebuilt/linux-x86_64/sysroot/usr/include
End of search list.
[2/2] Linking C executable cmTC_49a29
Android (9352603, based on r450784d1) clang version 14.0.7 (https://android.googlesource.com/toolchain/llvm-project 4c603efb0cca074e9238af8b4106c30add4418f6)
Target: i686-none-linux-android24
Thread model: posix
InstalledDir: /home/tuo/Android/Sdk/ndk/25.2.9519653/toolchains/llvm/prebuilt/linux-x86_64/bin
 "/home/tuo/Android/Sdk/ndk/25.2.9519653/toolchains/llvm/prebuilt/linux-x86_64/bin/ld" --sysroot=/home/tuo/Android/Sdk/ndk/25.2.9519653/toolchains/llvm/prebuilt/linux-x86_64/sysroot -pie --warn-shared-textrel -z now -z relro --hash-style=gnu --enable-new-dtags --eh-frame-hdr -m elf_i386 -dynamic-linker /system/bin/linker -o cmTC_49a29 /home/tuo/Android/Sdk/ndk/25.2.9519653/toolchains/llvm/prebuilt/linux-x86_64/sysroot/usr/lib/i686-linux-android/24/crtbegin_dynamic.o -L/home/tuo/Android/Sdk/ndk/25.2.9519653/toolchains/llvm/prebuilt/linux-x86_64/lib64/clang/14.0.7/lib/linux/i386 -L/home/tuo/Android/Sdk/ndk/25.2.9519653/toolchains/llvm/prebuilt/linux-x86_64/sysroot/usr/lib/i686-linux-android/24 -L/home/tuo/Android/Sdk/ndk/25.2.9519653/toolchains/llvm/prebuilt/linux-x86_64/sysroot/usr/lib/i686-linux-android -L/home/tuo/Android/Sdk/ndk/25.2.9519653/toolchains/llvm/prebuilt/linux-x86_64/sysroot/usr/lib --build-id=sha1 --no-rosegment --fatal-warnings --no-undefined CMakeFiles/cmTC_49a29.dir/OpenMPTryFlag.c.o -latomic -lm -lomp /home/tuo/Android/Sdk/ndk/25.2.9519653/toolchains/llvm/prebuilt/linux-x86_64/lib64/clang/14.0.7/lib/linux/libclang_rt.builtins-i686-android.a -l:libunwind.a -ldl -lc /home/tuo/Android/Sdk/ndk/25.2.9519653/toolchains/llvm/prebuilt/linux-x86_64/lib64/clang/14.0.7/lib/linux/libclang_rt.builtins-i686-android.a -l:libunwind.a -ldl /home/tuo/Android/Sdk/ndk/25.2.9519653/toolchains/llvm/prebuilt/linux-x86_64/sysroot/usr/lib/i686-linux-android/24/crtend_android.o


Parsed C OpenMP implicit link information from above output:
  link line regex: [^( *|.*[/\])(CMAKE_LINKER-NOTFOUND|CMAKE_LINK_STARTFILE-NOTFOUND|([^/\]+-)?ld|collect2)[^/\]*( |$)]
  ignore line: [Change Dir: /home/tuo/Workspace/android_ncnn/step1/ncnn-android-yolox/app/.cxx/cmake/release/x86/CMakeFiles/CMakeTmp]
  ignore line: []
  ignore line: [Run Build Command:"/home/tuo/Android/Sdk/cmake/3.10.2.4988404/bin/ninja" "cmTC_49a29"]
  ignore line: [[1/2] Building C object CMakeFiles/cmTC_49a29.dir/OpenMPTryFlag.c.o]
  ignore line: [Android (9352603, based on r450784d1) clang version 14.0.7 (https://android.googlesource.com/toolchain/llvm-project 4c603efb0cca074e9238af8b4106c30add4418f6)]
  ignore line: [Target: i686-none-linux-android24]
  ignore line: [Thread model: posix]
  ignore line: [InstalledDir: /home/tuo/Android/Sdk/ndk/25.2.9519653/toolchains/llvm/prebuilt/linux-x86_64/bin]
  ignore line: [ (in-process)]
  ignore line: [ "/home/tuo/Android/Sdk/ndk/25.2.9519653/toolchains/llvm/prebuilt/linux-x86_64/bin/clang" -cc1 -triple i686-none-linux-android24 -emit-obj -mrelax-all --mrelax-relocations -disable-free -clear-ast-before-backend -disable-llvm-verifier -discard-value-names -main-file-name OpenMPTryFlag.c -mrelocation-model pic -pic-level 2 -pic-is-pie -mframe-pointer=all -ffp-contract=on -fno-rounding-math -mconstructor-aliases -funwind-tables=2 -target-cpu i686 -target-feature +ssse3 -tune-cpu generic -mllvm -treat-scalable-fixed-error-as-warning -debug-info-kind=constructor -dwarf-version=4 -debugger-tuning=gdb -v -ffunction-sections -fdata-sections -fcoverage-compilation-dir=/home/tuo/Workspace/android_ncnn/step1/ncnn-android-yolox/app/.cxx/cmake/release/x86/CMakeFiles/CMakeTmp -resource-dir /home/tuo/Android/Sdk/ndk/25.2.9519653/toolchains/llvm/prebuilt/linux-x86_64/lib64/clang/14.0.7 -D ANDROID -D _FORTIFY_SOURCE=2 -isysroot /home/tuo/Android/Sdk/ndk/25.2.9519653/toolchains/llvm/prebuilt/linux-x86_64/sysroot -internal-isystem /home/tuo/Android/Sdk/ndk/25.2.9519653/toolchains/llvm/prebuilt/linux-x86_64/lib64/clang/14.0.7/include -internal-isystem /home/tuo/Android/Sdk/ndk/25.2.9519653/toolchains/llvm/prebuilt/linux-x86_64/sysroot/usr/local/include -internal-externc-isystem /home/tuo/Android/Sdk/ndk/25.2.9519653/toolchains/llvm/prebuilt/linux-x86_64/sysroot/usr/include/i686-linux-android -internal-externc-isystem /home/tuo/Android/Sdk/ndk/25.2.9519653/toolchains/llvm/prebuilt/linux-x86_64/sysroot/include -internal-externc-isystem /home/tuo/Android/Sdk/ndk/25.2.9519653/toolchains/llvm/prebuilt/linux-x86_64/sysroot/usr/include -Wformat -Werror=format-security -fdebug-compilation-dir=/home/tuo/Workspace/android_ncnn/step1/ncnn-android-yolox/app/.cxx/cmake/release/x86/CMakeFiles/CMakeTmp -ferror-limit 19 -fopenmp -fopenmp-target-new-runtime -stack-protector 2 -fgnuc-version=4.2.1 -D__GCC_HAVE_DWARF2_CFI_ASM=1 -o CMakeFiles/cmTC_49a29.dir/OpenMPTryFlag.c.o -x c /home/tuo/Workspace/android_ncnn/step1/ncnn-android-yolox/app/.cxx/cmake/release/x86/CMakeFiles/FindOpenMP/OpenMPTryFlag.c]
  ignore line: [clang -cc1 version 14.0.7 based upon LLVM 14.0.7git default target x86_64-unknown-linux-gnu]
  ignore line: [ignoring nonexistent directory "/home/tuo/Android/Sdk/ndk/25.2.9519653/toolchains/llvm/prebuilt/linux-x86_64/sysroot/include"]
  ignore line: [#include "..." search starts here:]
  ignore line: [#include <...> search starts here:]
  ignore line: [ /home/tuo/Android/Sdk/ndk/25.2.9519653/toolchains/llvm/prebuilt/linux-x86_64/lib64/clang/14.0.7/include]
  ignore line: [ /home/tuo/Android/Sdk/ndk/25.2.9519653/toolchains/llvm/prebuilt/linux-x86_64/sysroot/usr/local/include]
  ignore line: [ /home/tuo/Android/Sdk/ndk/25.2.9519653/toolchains/llvm/prebuilt/linux-x86_64/sysroot/usr/include/i686-linux-android]
  ignore line: [ /home/tuo/Android/Sdk/ndk/25.2.9519653/toolchains/llvm/prebuilt/linux-x86_64/sysroot/usr/include]
  ignore line: [End of search list.]
  ignore line: [[2/2] Linking C executable cmTC_49a29]
  ignore line: [Android (9352603, based on r450784d1) clang version 14.0.7 (https://android.googlesource.com/toolchain/llvm-project 4c603efb0cca074e9238af8b4106c30add4418f6)]
  ignore line: [Target: i686-none-linux-android24]
  ignore line: [Thread model: posix]
  ignore line: [InstalledDir: /home/tuo/Android/Sdk/ndk/25.2.9519653/toolchains/llvm/prebuilt/linux-x86_64/bin]
  link line: [ "/home/tuo/Android/Sdk/ndk/25.2.9519653/toolchains/llvm/prebuilt/linux-x86_64/bin/ld" --sysroot=/home/tuo/Android/Sdk/ndk/25.2.9519653/toolchains/llvm/prebuilt/linux-x86_64/sysroot -pie --warn-shared-textrel -z now -z relro --hash-style=gnu --enable-new-dtags --eh-frame-hdr -m elf_i386 -dynamic-linker /system/bin/linker -o cmTC_49a29 /home/tuo/Android/Sdk/ndk/25.2.9519653/toolchains/llvm/prebuilt/linux-x86_64/sysroot/usr/lib/i686-linux-android/24/crtbegin_dynamic.o -L/home/tuo/Android/Sdk/ndk/25.2.9519653/toolchains/llvm/prebuilt/linux-x86_64/lib64/clang/14.0.7/lib/linux/i386 -L/home/tuo/Android/Sdk/ndk/25.2.9519653/toolchains/llvm/prebuilt/linux-x86_64/sysroot/usr/lib/i686-linux-android/24 -L/home/tuo/Android/Sdk/ndk/25.2.9519653/toolchains/llvm/prebuilt/linux-x86_64/sysroot/usr/lib/i686-linux-android -L/home/tuo/Android/Sdk/ndk/25.2.9519653/toolchains/llvm/prebuilt/linux-x86_64/sysroot/usr/lib --build-id=sha1 --no-rosegment --fatal-warnings --no-undefined CMakeFiles/cmTC_49a29.dir/OpenMPTryFlag.c.o -latomic -lm -lomp /home/tuo/Android/Sdk/ndk/25.2.9519653/toolchains/llvm/prebuilt/linux-x86_64/lib64/clang/14.0.7/lib/linux/libclang_rt.builtins-i686-android.a -l:libunwind.a -ldl -lc /home/tuo/Android/Sdk/ndk/25.2.9519653/toolchains/llvm/prebuilt/linux-x86_64/lib64/clang/14.0.7/lib/linux/libclang_rt.builtins-i686-android.a -l:libunwind.a -ldl /home/tuo/Android/Sdk/ndk/25.2.9519653/toolchains/llvm/prebuilt/linux-x86_64/sysroot/usr/lib/i686-linux-android/24/crtend_android.o]
    arg [/home/tuo/Android/Sdk/ndk/25.2.9519653/toolchains/llvm/prebuilt/linux-x86_64/bin/ld] ==> ignore
    arg [--sysroot=/home/tuo/Android/Sdk/ndk/25.2.9519653/toolchains/llvm/prebuilt/linux-x86_64/sysroot] ==> ignore
    arg [-pie] ==> ignore
    arg [--warn-shared-textrel] ==> ignore
    arg [-znow] ==> ignore
    arg [-zrelro] ==> ignore
    arg [--hash-style=gnu] ==> ignore
    arg [--enable-new-dtags] ==> ignore
    arg [--eh-frame-hdr] ==> ignore
    arg [-m] ==> ignore
    arg [elf_i386] ==> ignore
    arg [-dynamic-linker] ==> ignore
    arg [/system/bin/linker] ==> ignore
    arg [-o] ==> ignore
    arg [cmTC_49a29] ==> ignore
    arg [/home/tuo/Android/Sdk/ndk/25.2.9519653/toolchains/llvm/prebuilt/linux-x86_64/sysroot/usr/lib/i686-linux-android/24/crtbegin_dynamic.o] ==> ignore
    arg [-L/home/tuo/Android/Sdk/ndk/25.2.9519653/toolchains/llvm/prebuilt/linux-x86_64/lib64/clang/14.0.7/lib/linux/i386] ==> dir [/home/tuo/Android/Sdk/ndk/25.2.9519653/toolchains/llvm/prebuilt/linux-x86_64/lib64/clang/14.0.7/lib/linux/i386]
    arg [-L/home/tuo/Android/Sdk/ndk/25.2.9519653/toolchains/llvm/prebuilt/linux-x86_64/sysroot/usr/lib/i686-linux-android/24] ==> dir [/home/tuo/Android/Sdk/ndk/25.2.9519653/toolchains/llvm/prebuilt/linux-x86_64/sysroot/usr/lib/i686-linux-android/24]
    arg [-L/home/tuo/Android/Sdk/ndk/25.2.9519653/toolchains/llvm/prebuilt/linux-x86_64/sysroot/usr/lib/i686-linux-android] ==> dir [/home/tuo/Android/Sdk/ndk/25.2.9519653/toolchains/llvm/prebuilt/linux-x86_64/sysroot/usr/lib/i686-linux-android]
    arg [-L/home/tuo/Android/Sdk/ndk/25.2.9519653/toolchains/llvm/prebuilt/linux-x86_64/sysroot/usr/lib] ==> dir [/home/tuo/Android/Sdk/ndk/25.2.9519653/toolchains/llvm/prebuilt/linux-x86_64/sysroot/usr/lib]
    arg [--build-id=sha1] ==> ignore
    arg [--no-rosegment] ==> ignore
    arg [--fatal-warnings] ==> ignore
    arg [--no-undefined] ==> ignore
    arg [CMakeFiles/cmTC_49a29.dir/OpenMPTryFlag.c.o] ==> ignore
    arg [-latomic] ==> lib [atomic]
    arg [-lm] ==> lib [m]
    arg [-lomp] ==> lib [omp]
    arg [/home/tuo/Android/Sdk/ndk/25.2.9519653/toolchains/llvm/prebuilt/linux-x86_64/lib64/clang/14.0.7/lib/linux/libclang_rt.builtins-i686-android.a] ==> lib [/home/tuo/Android/Sdk/ndk/25.2.9519653/toolchains/llvm/prebuilt/linux-x86_64/lib64/clang/14.0.7/lib/linux/libclang_rt.builtins-i686-android.a]
    arg [-l:libunwind.a] ==> lib [-l:libunwind.a]
    arg [-ldl] ==> lib [dl]
    arg [-lc] ==> lib [c]
    arg [/home/tuo/Android/Sdk/ndk/25.2.9519653/toolchains/llvm/prebuilt/linux-x86_64/lib64/clang/14.0.7/lib/linux/libclang_rt.builtins-i686-android.a] ==> lib [/home/tuo/Android/Sdk/ndk/25.2.9519653/toolchains/llvm/prebuilt/linux-x86_64/lib64/clang/14.0.7/lib/linux/libclang_rt.builtins-i686-android.a]
    arg [-l:libunwind.a] ==> lib [-l:libunwind.a]
    arg [-ldl] ==> lib [dl]
    arg [/home/tuo/Android/Sdk/ndk/25.2.9519653/toolchains/llvm/prebuilt/linux-x86_64/sysroot/usr/lib/i686-linux-android/24/crtend_android.o] ==> ignore
  remove lib [/home/tuo/Android/Sdk/ndk/25.2.9519653/toolchains/llvm/prebuilt/linux-x86_64/lib64/clang/14.0.7/lib/linux/libclang_rt.builtins-i686-android.a]
  remove lib [/home/tuo/Android/Sdk/ndk/25.2.9519653/toolchains/llvm/prebuilt/linux-x86_64/lib64/clang/14.0.7/lib/linux/libclang_rt.builtins-i686-android.a]
  collapse library dir [/home/tuo/Android/Sdk/ndk/25.2.9519653/toolchains/llvm/prebuilt/linux-x86_64/lib64/clang/14.0.7/lib/linux/i386] ==> [/home/tuo/Android/Sdk/ndk/25.2.9519653/toolchains/llvm/prebuilt/linux-x86_64/lib64/clang/14.0.7/lib/linux/i386]
  collapse library dir [/home/tuo/Android/Sdk/ndk/25.2.9519653/toolchains/llvm/prebuilt/linux-x86_64/sysroot/usr/lib/i686-linux-android/24] ==> [/home/tuo/Android/Sdk/ndk/25.2.9519653/toolchains/llvm/prebuilt/linux-x86_64/sysroot/usr/lib/i686-linux-android/24]
  collapse library dir [/home/tuo/Android/Sdk/ndk/25.2.9519653/toolchains/llvm/prebuilt/linux-x86_64/sysroot/usr/lib/i686-linux-android] ==> [/home/tuo/Android/Sdk/ndk/25.2.9519653/toolchains/llvm/prebuilt/linux-x86_64/sysroot/usr/lib/i686-linux-android]
  collapse library dir [/home/tuo/Android/Sdk/ndk/25.2.9519653/toolchains/llvm/prebuilt/linux-x86_64/sysroot/usr/lib] ==> [/home/tuo/Android/Sdk/ndk/25.2.9519653/toolchains/llvm/prebuilt/linux-x86_64/sysroot/usr/lib]
  implicit libs: [atomic;m;omp;-l:libunwind.a;dl;c;-l:libunwind.a;dl]
  implicit dirs: [/home/tuo/Android/Sdk/ndk/25.2.9519653/toolchains/llvm/prebuilt/linux-x86_64/lib64/clang/14.0.7/lib/linux/i386;/home/tuo/Android/Sdk/ndk/25.2.9519653/toolchains/llvm/prebuilt/linux-x86_64/sysroot/usr/lib/i686-linux-android/24;/home/tuo/Android/Sdk/ndk/25.2.9519653/toolchains/llvm/prebuilt/linux-x86_64/sysroot/usr/lib/i686-linux-android;/home/tuo/Android/Sdk/ndk/25.2.9519653/toolchains/llvm/prebuilt/linux-x86_64/sysroot/usr/lib]
  implicit fwks: []


Detecting CXX OpenMP compiler ABI info compiled with the following output:
Change Dir: /home/tuo/Workspace/android_ncnn/step1/ncnn-android-yolox/app/.cxx/cmake/release/x86/CMakeFiles/CMakeTmp

Run Build Command:"/home/tuo/Android/Sdk/cmake/3.10.2.4988404/bin/ninja" "cmTC_eae53"
[1/2] Building CXX object CMakeFiles/cmTC_eae53.dir/OpenMPTryFlag.cpp.o
Android (9352603, based on r450784d1) clang version 14.0.7 (https://android.googlesource.com/toolchain/llvm-project 4c603efb0cca074e9238af8b4106c30add4418f6)
Target: i686-none-linux-android24
Thread model: posix
InstalledDir: /home/tuo/Android/Sdk/ndk/25.2.9519653/toolchains/llvm/prebuilt/linux-x86_64/bin
 (in-process)
 "/home/tuo/Android/Sdk/ndk/25.2.9519653/toolchains/llvm/prebuilt/linux-x86_64/bin/clang++" -cc1 -triple i686-none-linux-android24 -emit-obj -mrelax-all --mrelax-relocations -disable-free -clear-ast-before-backend -disable-llvm-verifier -discard-value-names -main-file-name OpenMPTryFlag.cpp -mrelocation-model pic -pic-level 2 -pic-is-pie -mframe-pointer=all -ffp-contract=on -fno-rounding-math -mconstructor-aliases -funwind-tables=2 -target-cpu i686 -target-feature +ssse3 -tune-cpu generic -mllvm -treat-scalable-fixed-error-as-warning -debug-info-kind=constructor -dwarf-version=4 -debugger-tuning=gdb -v -ffunction-sections -fdata-sections -fcoverage-compilation-dir=/home/tuo/Workspace/android_ncnn/step1/ncnn-android-yolox/app/.cxx/cmake/release/x86/CMakeFiles/CMakeTmp -resource-dir /home/tuo/Android/Sdk/ndk/25.2.9519653/toolchains/llvm/prebuilt/linux-x86_64/lib64/clang/14.0.7 -D ANDROID -D _FORTIFY_SOURCE=2 -isysroot /home/tuo/Android/Sdk/ndk/25.2.9519653/toolchains/llvm/prebuilt/linux-x86_64/sysroot -internal-isystem /home/tuo/Android/Sdk/ndk/25.2.9519653/toolchains/llvm/prebuilt/linux-x86_64/sysroot/usr/include/c++/v1 -internal-isystem /home/tuo/Android/Sdk/ndk/25.2.9519653/toolchains/llvm/prebuilt/linux-x86_64/lib64/clang/14.0.7/include -internal-isystem /home/tuo/Android/Sdk/ndk/25.2.9519653/toolchains/llvm/prebuilt/linux-x86_64/sysroot/usr/local/include -internal-externc-isystem /home/tuo/Android/Sdk/ndk/25.2.9519653/toolchains/llvm/prebuilt/linux-x86_64/sysroot/usr/include/i686-linux-android -internal-externc-isystem /home/tuo/Android/Sdk/ndk/25.2.9519653/toolchains/llvm/prebuilt/linux-x86_64/sysroot/include -internal-externc-isystem /home/tuo/Android/Sdk/ndk/25.2.9519653/toolchains/llvm/prebuilt/linux-x86_64/sysroot/usr/include -Wformat -Werror=format-security -fdeprecated-macro -fdebug-compilation-dir=/home/tuo/Workspace/android_ncnn/step1/ncnn-android-yolox/app/.cxx/cmake/release/x86/CMakeFiles/CMakeTmp -ferror-limit 19 -fopenmp -fopenmp-target-new-runtime -stack-protector 2 -fgnuc-version=4.2.1 -fcxx-exceptions -fexceptions -D__GCC_HAVE_DWARF2_CFI_ASM=1 -o CMakeFiles/cmTC_eae53.dir/OpenMPTryFlag.cpp.o -x c++ /home/tuo/Workspace/android_ncnn/step1/ncnn-android-yolox/app/.cxx/cmake/release/x86/CMakeFiles/FindOpenMP/OpenMPTryFlag.cpp
clang -cc1 version 14.0.7 based upon LLVM 14.0.7git default target x86_64-unknown-linux-gnu
ignoring nonexistent directory "/home/tuo/Android/Sdk/ndk/25.2.9519653/toolchains/llvm/prebuilt/linux-x86_64/sysroot/include"
#include "..." search starts here:
#include <...> search starts here:
 /home/tuo/Android/Sdk/ndk/25.2.9519653/toolchains/llvm/prebuilt/linux-x86_64/sysroot/usr/include/c++/v1
 /home/tuo/Android/Sdk/ndk/25.2.9519653/toolchains/llvm/prebuilt/linux-x86_64/lib64/clang/14.0.7/include
 /home/tuo/Android/Sdk/ndk/25.2.9519653/toolchains/llvm/prebuilt/linux-x86_64/sysroot/usr/local/include
 /home/tuo/Android/Sdk/ndk/25.2.9519653/toolchains/llvm/prebuilt/linux-x86_64/sysroot/usr/include/i686-linux-android
 /home/tuo/Android/Sdk/ndk/25.2.9519653/toolchains/llvm/prebuilt/linux-x86_64/sysroot/usr/include
End of search list.
[2/2] Linking CXX executable cmTC_eae53
Android (9352603, based on r450784d1) clang version 14.0.7 (https://android.googlesource.com/toolchain/llvm-project 4c603efb0cca074e9238af8b4106c30add4418f6)
Target: i686-none-linux-android24
Thread model: posix
InstalledDir: /home/tuo/Android/Sdk/ndk/25.2.9519653/toolchains/llvm/prebuilt/linux-x86_64/bin
 "/home/tuo/Android/Sdk/ndk/25.2.9519653/toolchains/llvm/prebuilt/linux-x86_64/bin/ld" --sysroot=/home/tuo/Android/Sdk/ndk/25.2.9519653/toolchains/llvm/prebuilt/linux-x86_64/sysroot -pie --warn-shared-textrel -z now -z relro --hash-style=gnu --enable-new-dtags --eh-frame-hdr -m elf_i386 -dynamic-linker /system/bin/linker -o cmTC_eae53 /home/tuo/Android/Sdk/ndk/25.2.9519653/toolchains/llvm/prebuilt/linux-x86_64/sysroot/usr/lib/i686-linux-android/24/crtbegin_dynamic.o -L/home/tuo/Android/Sdk/ndk/25.2.9519653/toolchains/llvm/prebuilt/linux-x86_64/lib64/clang/14.0.7/lib/linux/i386 -L/home/tuo/Android/Sdk/ndk/25.2.9519653/toolchains/llvm/prebuilt/linux-x86_64/sysroot/usr/lib/i686-linux-android/24 -L/home/tuo/Android/Sdk/ndk/25.2.9519653/toolchains/llvm/prebuilt/linux-x86_64/sysroot/usr/lib/i686-linux-android -L/home/tuo/Android/Sdk/ndk/25.2.9519653/toolchains/llvm/prebuilt/linux-x86_64/sysroot/usr/lib --build-id=sha1 --no-rosegment --fatal-warnings --no-undefined CMakeFiles/cmTC_eae53.dir/OpenMPTryFlag.cpp.o -latomic -lm -Bstatic -lc++ -Bdynamic -lm -lomp /home/tuo/Android/Sdk/ndk/25.2.9519653/toolchains/llvm/prebuilt/linux-x86_64/lib64/clang/14.0.7/lib/linux/libclang_rt.builtins-i686-android.a -l:libunwind.a -ldl -lc /home/tuo/Android/Sdk/ndk/25.2.9519653/toolchains/llvm/prebuilt/linux-x86_64/lib64/clang/14.0.7/lib/linux/libclang_rt.builtins-i686-android.a -l:libunwind.a -ldl /home/tuo/Android/Sdk/ndk/25.2.9519653/toolchains/llvm/prebuilt/linux-x86_64/sysroot/usr/lib/i686-linux-android/24/crtend_android.o


Parsed CXX OpenMP implicit link information from above output:
  link line regex: [^( *|.*[/\])(CMAKE_LINKER-NOTFOUND|CMAKE_LINK_STARTFILE-NOTFOUND|([^/\]+-)?ld|collect2)[^/\]*( |$)]
  ignore line: [Change Dir: /home/tuo/Workspace/android_ncnn/step1/ncnn-android-yolox/app/.cxx/cmake/release/x86/CMakeFiles/CMakeTmp]
  ignore line: []
  ignore line: [Run Build Command:"/home/tuo/Android/Sdk/cmake/3.10.2.4988404/bin/ninja" "cmTC_eae53"]
  ignore line: [[1/2] Building CXX object CMakeFiles/cmTC_eae53.dir/OpenMPTryFlag.cpp.o]
  ignore line: [Android (9352603, based on r450784d1) clang version 14.0.7 (https://android.googlesource.com/toolchain/llvm-project 4c603efb0cca074e9238af8b4106c30add4418f6)]
  ignore line: [Target: i686-none-linux-android24]
  ignore line: [Thread model: posix]
  ignore line: [InstalledDir: /home/tuo/Android/Sdk/ndk/25.2.9519653/toolchains/llvm/prebuilt/linux-x86_64/bin]
  ignore line: [ (in-process)]
  ignore line: [ "/home/tuo/Android/Sdk/ndk/25.2.9519653/toolchains/llvm/prebuilt/linux-x86_64/bin/clang++" -cc1 -triple i686-none-linux-android24 -emit-obj -mrelax-all --mrelax-relocations -disable-free -clear-ast-before-backend -disable-llvm-verifier -discard-value-names -main-file-name OpenMPTryFlag.cpp -mrelocation-model pic -pic-level 2 -pic-is-pie -mframe-pointer=all -ffp-contract=on -fno-rounding-math -mconstructor-aliases -funwind-tables=2 -target-cpu i686 -target-feature +ssse3 -tune-cpu generic -mllvm -treat-scalable-fixed-error-as-warning -debug-info-kind=constructor -dwarf-version=4 -debugger-tuning=gdb -v -ffunction-sections -fdata-sections -fcoverage-compilation-dir=/home/tuo/Workspace/android_ncnn/step1/ncnn-android-yolox/app/.cxx/cmake/release/x86/CMakeFiles/CMakeTmp -resource-dir /home/tuo/Android/Sdk/ndk/25.2.9519653/toolchains/llvm/prebuilt/linux-x86_64/lib64/clang/14.0.7 -D ANDROID -D _FORTIFY_SOURCE=2 -isysroot /home/tuo/Android/Sdk/ndk/25.2.9519653/toolchains/llvm/prebuilt/linux-x86_64/sysroot -internal-isystem /home/tuo/Android/Sdk/ndk/25.2.9519653/toolchains/llvm/prebuilt/linux-x86_64/sysroot/usr/include/c++/v1 -internal-isystem /home/tuo/Android/Sdk/ndk/25.2.9519653/toolchains/llvm/prebuilt/linux-x86_64/lib64/clang/14.0.7/include -internal-isystem /home/tuo/Android/Sdk/ndk/25.2.9519653/toolchains/llvm/prebuilt/linux-x86_64/sysroot/usr/local/include -internal-externc-isystem /home/tuo/Android/Sdk/ndk/25.2.9519653/toolchains/llvm/prebuilt/linux-x86_64/sysroot/usr/include/i686-linux-android -internal-externc-isystem /home/tuo/Android/Sdk/ndk/25.2.9519653/toolchains/llvm/prebuilt/linux-x86_64/sysroot/include -internal-externc-isystem /home/tuo/Android/Sdk/ndk/25.2.9519653/toolchains/llvm/prebuilt/linux-x86_64/sysroot/usr/include -Wformat -Werror=format-security -fdeprecated-macro -fdebug-compilation-dir=/home/tuo/Workspace/android_ncnn/step1/ncnn-android-yolox/app/.cxx/cmake/release/x86/CMakeFiles/CMakeTmp -ferror-limit 19 -fopenmp -fopenmp-target-new-runtime -stack-protector 2 -fgnuc-version=4.2.1 -fcxx-exceptions -fexceptions -D__GCC_HAVE_DWARF2_CFI_ASM=1 -o CMakeFiles/cmTC_eae53.dir/OpenMPTryFlag.cpp.o -x c++ /home/tuo/Workspace/android_ncnn/step1/ncnn-android-yolox/app/.cxx/cmake/release/x86/CMakeFiles/FindOpenMP/OpenMPTryFlag.cpp]
  ignore line: [clang -cc1 version 14.0.7 based upon LLVM 14.0.7git default target x86_64-unknown-linux-gnu]
  ignore line: [ignoring nonexistent directory "/home/tuo/Android/Sdk/ndk/25.2.9519653/toolchains/llvm/prebuilt/linux-x86_64/sysroot/include"]
  ignore line: [#include "..." search starts here:]
  ignore line: [#include <...> search starts here:]
  ignore line: [ /home/tuo/Android/Sdk/ndk/25.2.9519653/toolchains/llvm/prebuilt/linux-x86_64/sysroot/usr/include/c++/v1]
  ignore line: [ /home/tuo/Android/Sdk/ndk/25.2.9519653/toolchains/llvm/prebuilt/linux-x86_64/lib64/clang/14.0.7/include]
  ignore line: [ /home/tuo/Android/Sdk/ndk/25.2.9519653/toolchains/llvm/prebuilt/linux-x86_64/sysroot/usr/local/include]
  ignore line: [ /home/tuo/Android/Sdk/ndk/25.2.9519653/toolchains/llvm/prebuilt/linux-x86_64/sysroot/usr/include/i686-linux-android]
  ignore line: [ /home/tuo/Android/Sdk/ndk/25.2.9519653/toolchains/llvm/prebuilt/linux-x86_64/sysroot/usr/include]
  ignore line: [End of search list.]
  ignore line: [[2/2] Linking CXX executable cmTC_eae53]
  ignore line: [Android (9352603, based on r450784d1) clang version 14.0.7 (https://android.googlesource.com/toolchain/llvm-project 4c603efb0cca074e9238af8b4106c30add4418f6)]
  ignore line: [Target: i686-none-linux-android24]
  ignore line: [Thread model: posix]
  ignore line: [InstalledDir: /home/tuo/Android/Sdk/ndk/25.2.9519653/toolchains/llvm/prebuilt/linux-x86_64/bin]
  link line: [ "/home/tuo/Android/Sdk/ndk/25.2.9519653/toolchains/llvm/prebuilt/linux-x86_64/bin/ld" --sysroot=/home/tuo/Android/Sdk/ndk/25.2.9519653/toolchains/llvm/prebuilt/linux-x86_64/sysroot -pie --warn-shared-textrel -z now -z relro --hash-style=gnu --enable-new-dtags --eh-frame-hdr -m elf_i386 -dynamic-linker /system/bin/linker -o cmTC_eae53 /home/tuo/Android/Sdk/ndk/25.2.9519653/toolchains/llvm/prebuilt/linux-x86_64/sysroot/usr/lib/i686-linux-android/24/crtbegin_dynamic.o -L/home/tuo/Android/Sdk/ndk/25.2.9519653/toolchains/llvm/prebuilt/linux-x86_64/lib64/clang/14.0.7/lib/linux/i386 -L/home/tuo/Android/Sdk/ndk/25.2.9519653/toolchains/llvm/prebuilt/linux-x86_64/sysroot/usr/lib/i686-linux-android/24 -L/home/tuo/Android/Sdk/ndk/25.2.9519653/toolchains/llvm/prebuilt/linux-x86_64/sysroot/usr/lib/i686-linux-android -L/home/tuo/Android/Sdk/ndk/25.2.9519653/toolchains/llvm/prebuilt/linux-x86_64/sysroot/usr/lib --build-id=sha1 --no-rosegment --fatal-warnings --no-undefined CMakeFiles/cmTC_eae53.dir/OpenMPTryFlag.cpp.o -latomic -lm -Bstatic -lc++ -Bdynamic -lm -lomp /home/tuo/Android/Sdk/ndk/25.2.9519653/toolchains/llvm/prebuilt/linux-x86_64/lib64/clang/14.0.7/lib/linux/libclang_rt.builtins-i686-android.a -l:libunwind.a -ldl -lc /home/tuo/Android/Sdk/ndk/25.2.9519653/toolchains/llvm/prebuilt/linux-x86_64/lib64/clang/14.0.7/lib/linux/libclang_rt.builtins-i686-android.a -l:libunwind.a -ldl /home/tuo/Android/Sdk/ndk/25.2.9519653/toolchains/llvm/prebuilt/linux-x86_64/sysroot/usr/lib/i686-linux-android/24/crtend_android.o]
    arg [/home/tuo/Android/Sdk/ndk/25.2.9519653/toolchains/llvm/prebuilt/linux-x86_64/bin/ld] ==> ignore
    arg [--sysroot=/home/tuo/Android/Sdk/ndk/25.2.9519653/toolchains/llvm/prebuilt/linux-x86_64/sysroot] ==> ignore
    arg [-pie] ==> ignore
    arg [--warn-shared-textrel] ==> ignore
    arg [-znow] ==> ignore
    arg [-zrelro] ==> ignore
    arg [--hash-style=gnu] ==> ignore
    arg [--enable-new-dtags] ==> ignore
    arg [--eh-frame-hdr] ==> ignore
    arg [-m] ==> ignore
    arg [elf_i386] ==> ignore
    arg [-dynamic-linker] ==> ignore
    arg [/system/bin/linker] ==> ignore
    arg [-o] ==> ignore
    arg [cmTC_eae53] ==> ignore
    arg [/home/tuo/Android/Sdk/ndk/25.2.9519653/toolchains/llvm/prebuilt/linux-x86_64/sysroot/usr/lib/i686-linux-android/24/crtbegin_dynamic.o] ==> ignore
    arg [-L/home/tuo/Android/Sdk/ndk/25.2.9519653/toolchains/llvm/prebuilt/linux-x86_64/lib64/clang/14.0.7/lib/linux/i386] ==> dir [/home/tuo/Android/Sdk/ndk/25.2.9519653/toolchains/llvm/prebuilt/linux-x86_64/lib64/clang/14.0.7/lib/linux/i386]
    arg [-L/home/tuo/Android/Sdk/ndk/25.2.9519653/toolchains/llvm/prebuilt/linux-x86_64/sysroot/usr/lib/i686-linux-android/24] ==> dir [/home/tuo/Android/Sdk/ndk/25.2.9519653/toolchains/llvm/prebuilt/linux-x86_64/sysroot/usr/lib/i686-linux-android/24]
    arg [-L/home/tuo/Android/Sdk/ndk/25.2.9519653/toolchains/llvm/prebuilt/linux-x86_64/sysroot/usr/lib/i686-linux-android] ==> dir [/home/tuo/Android/Sdk/ndk/25.2.9519653/toolchains/llvm/prebuilt/linux-x86_64/sysroot/usr/lib/i686-linux-android]
    arg [-L/home/tuo/Android/Sdk/ndk/25.2.9519653/toolchains/llvm/prebuilt/linux-x86_64/sysroot/usr/lib] ==> dir [/home/tuo/Android/Sdk/ndk/25.2.9519653/toolchains/llvm/prebuilt/linux-x86_64/sysroot/usr/lib]
    arg [--build-id=sha1] ==> ignore
    arg [--no-rosegment] ==> ignore
    arg [--fatal-warnings] ==> ignore
    arg [--no-undefined] ==> ignore
    arg [CMakeFiles/cmTC_eae53.dir/OpenMPTryFlag.cpp.o] ==> ignore
    arg [-latomic] ==> lib [atomic]
    arg [-lm] ==> lib [m]
    arg [-Bstatic] ==> ignore
    arg [-lc++] ==> lib [c++]
    arg [-Bdynamic] ==> ignore
    arg [-lm] ==> lib [m]
    arg [-lomp] ==> lib [omp]
    arg [/home/tuo/Android/Sdk/ndk/25.2.9519653/toolchains/llvm/prebuilt/linux-x86_64/lib64/clang/14.0.7/lib/linux/libclang_rt.builtins-i686-android.a] ==> lib [/home/tuo/Android/Sdk/ndk/25.2.9519653/toolchains/llvm/prebuilt/linux-x86_64/lib64/clang/14.0.7/lib/linux/libclang_rt.builtins-i686-android.a]
    arg [-l:libunwind.a] ==> lib [-l:libunwind.a]
    arg [-ldl] ==> lib [dl]
    arg [-lc] ==> lib [c]
    arg [/home/tuo/Android/Sdk/ndk/25.2.9519653/toolchains/llvm/prebuilt/linux-x86_64/lib64/clang/14.0.7/lib/linux/libclang_rt.builtins-i686-android.a] ==> lib [/home/tuo/Android/Sdk/ndk/25.2.9519653/toolchains/llvm/prebuilt/linux-x86_64/lib64/clang/14.0.7/lib/linux/libclang_rt.builtins-i686-android.a]
    arg [-l:libunwind.a] ==> lib [-l:libunwind.a]
    arg [-ldl] ==> lib [dl]
    arg [/home/tuo/Android/Sdk/ndk/25.2.9519653/toolchains/llvm/prebuilt/linux-x86_64/sysroot/usr/lib/i686-linux-android/24/crtend_android.o] ==> ignore
  remove lib [/home/tuo/Android/Sdk/ndk/25.2.9519653/toolchains/llvm/prebuilt/linux-x86_64/lib64/clang/14.0.7/lib/linux/libclang_rt.builtins-i686-android.a]
  remove lib [/home/tuo/Android/Sdk/ndk/25.2.9519653/toolchains/llvm/prebuilt/linux-x86_64/lib64/clang/14.0.7/lib/linux/libclang_rt.builtins-i686-android.a]
  collapse library dir [/home/tuo/Android/Sdk/ndk/25.2.9519653/toolchains/llvm/prebuilt/linux-x86_64/lib64/clang/14.0.7/lib/linux/i386] ==> [/home/tuo/Android/Sdk/ndk/25.2.9519653/toolchains/llvm/prebuilt/linux-x86_64/lib64/clang/14.0.7/lib/linux/i386]
  collapse library dir [/home/tuo/Android/Sdk/ndk/25.2.9519653/toolchains/llvm/prebuilt/linux-x86_64/sysroot/usr/lib/i686-linux-android/24] ==> [/home/tuo/Android/Sdk/ndk/25.2.9519653/toolchains/llvm/prebuilt/linux-x86_64/sysroot/usr/lib/i686-linux-android/24]
  collapse library dir [/home/tuo/Android/Sdk/ndk/25.2.9519653/toolchains/llvm/prebuilt/linux-x86_64/sysroot/usr/lib/i686-linux-android] ==> [/home/tuo/Android/Sdk/ndk/25.2.9519653/toolchains/llvm/prebuilt/linux-x86_64/sysroot/usr/lib/i686-linux-android]
  collapse library dir [/home/tuo/Android/Sdk/ndk/25.2.9519653/toolchains/llvm/prebuilt/linux-x86_64/sysroot/usr/lib] ==> [/home/tuo/Android/Sdk/ndk/25.2.9519653/toolchains/llvm/prebuilt/linux-x86_64/sysroot/usr/lib]
  implicit libs: [atomic;m;c++;m;omp;-l:libunwind.a;dl;c;-l:libunwind.a;dl]
  implicit dirs: [/home/tuo/Android/Sdk/ndk/25.2.9519653/toolchains/llvm/prebuilt/linux-x86_64/lib64/clang/14.0.7/lib/linux/i386;/home/tuo/Android/Sdk/ndk/25.2.9519653/toolchains/llvm/prebuilt/linux-x86_64/sysroot/usr/lib/i686-linux-android/24;/home/tuo/Android/Sdk/ndk/25.2.9519653/toolchains/llvm/prebuilt/linux-x86_64/sysroot/usr/lib/i686-linux-android;/home/tuo/Android/Sdk/ndk/25.2.9519653/toolchains/llvm/prebuilt/linux-x86_64/sysroot/usr/lib]
  implicit fwks: []


Determining if the include file pthread.h exists passed with the following output:
Change Dir: /home/tuo/Workspace/android_ncnn/step1/ncnn-android-yolox/app/.cxx/cmake/release/x86/CMakeFiles/CMakeTmp

Run Build Command:"/home/tuo/Android/Sdk/cmake/3.10.2.4988404/bin/ninja" "cmTC_8b856"
[1/2] Building C object CMakeFiles/cmTC_8b856.dir/CheckIncludeFile.c.o
[2/2] Linking C executable cmTC_8b856


Determining if the pthread_create exist passed with the following output:
Change Dir: /home/tuo/Workspace/android_ncnn/step1/ncnn-android-yolox/app/.cxx/cmake/release/x86/CMakeFiles/CMakeTmp

Run Build Command:"/home/tuo/Android/Sdk/cmake/3.10.2.4988404/bin/ninja" "cmTC_ab597"
[1/2] Building C object CMakeFiles/cmTC_ab597.dir/CheckSymbolExists.c.o
[2/2] Linking C executable cmTC_ab597

File /home/tuo/Workspace/android_ncnn/step1/ncnn-android-yolox/app/.cxx/cmake/release/x86/CMakeFiles/CMakeTmp/CheckSymbolExists.c:
/* */
#include <pthread.h>

int main(int argc, char** argv)
{
  (void)argv;
#ifndef pthread_create
  return ((int*)(&pthread_create))[argc];
#else
  (void)argc;
  return 0;
#endif
}

